<?xml version="1.0" encoding="UTF-8"?>
<!-- Generated by org.testng.reporters.JUnitReportReporter -->
<testsuite hostname="Bharadwaj-B6DD2G2" failures="0" tests="9" name="com.tests.Siddhi" time="177.578" errors="1" timestamp="2024-05-19T15:46:18 IST" skipped="6">
  <testcase classname="com.tests.Siddhi" name="tc02_ExternalApps_Verification" time="71.692">
    <error message="Expected condition failed: waiting for element to be clickable: Proxy element for: DefaultElementLocator &#039;By.xpath: //android.widget.ImageView[@content-desc=&#039;Sell Online&#039;]&#039; (tried for 20 second(s) with 500 milliseconds interval)" type="org.openqa.selenium.TimeoutException">
      <![CDATA[org.openqa.selenium.TimeoutException: Expected condition failed: waiting for element to be clickable: Proxy element for: DefaultElementLocator 'By.xpath: //android.widget.ImageView[@content-desc='Sell Online']' (tried for 20 second(s) with 500 milliseconds interval)
at org.openqa.selenium.support.ui.WebDriverWait.timeoutException(WebDriverWait.java:84)
at org.openqa.selenium.support.ui.FluentWait.until(FluentWait.java:230)
at com.tests.BaseClass.Waitforclickable(BaseClass.java:211)
at com.tests.BaseClass.clickelement(BaseClass.java:232)
at com.pom.ExternalAppsPage.switchBetweenExternalApps(ExternalAppsPage.java:40)
at com.tests.Siddhi.tc02_ExternalApps_Verification(Siddhi.java:34)
at java.base/jdk.internal.reflect.NativeMethodAccessorImpl.invoke0(Native Method)
at java.base/jdk.internal.reflect.NativeMethodAccessorImpl.invoke(NativeMethodAccessorImpl.java:77)
at java.base/jdk.internal.reflect.DelegatingMethodAccessorImpl.invoke(DelegatingMethodAccessorImpl.java:43)
at java.base/java.lang.reflect.Method.invoke(Method.java:568)
at org.testng.internal.MethodInvocationHelper.invokeMethod(MethodInvocationHelper.java:132)
at org.testng.internal.TestInvoker.invokeMethod(TestInvoker.java:599)
at org.testng.internal.TestInvoker.invokeTestMethod(TestInvoker.java:174)
at org.testng.internal.MethodRunner.runInSequence(MethodRunner.java:46)
at org.testng.internal.TestInvoker$MethodInvocationAgent.invoke(TestInvoker.java:822)
at org.testng.internal.TestInvoker.invokeTestMethods(TestInvoker.java:147)
at org.testng.internal.TestMethodWorker.invokeTestMethods(TestMethodWorker.java:146)
at org.testng.internal.TestMethodWorker.run(TestMethodWorker.java:128)
at java.base/java.util.ArrayList.forEach(ArrayList.java:1511)
at org.testng.TestRunner.privateRun(TestRunner.java:764)
at org.testng.TestRunner.run(TestRunner.java:585)
at org.testng.SuiteRunner.runTest(SuiteRunner.java:384)
at org.testng.SuiteRunner.runSequentially(SuiteRunner.java:378)
at org.testng.SuiteRunner.privateRun(SuiteRunner.java:337)
at org.testng.SuiteRunner.run(SuiteRunner.java:286)
at org.testng.SuiteRunnerWorker.runSuite(SuiteRunnerWorker.java:53)
at org.testng.SuiteRunnerWorker.run(SuiteRunnerWorker.java:96)
at org.testng.TestNG.runSuitesSequentially(TestNG.java:1218)
at org.testng.TestNG.runSuitesLocally(TestNG.java:1140)
at org.testng.TestNG.runSuites(TestNG.java:1069)
at org.testng.TestNG.run(TestNG.java:1037)
at org.testng.remote.AbstractRemoteTestNG.run(AbstractRemoteTestNG.java:115)
at org.testng.remote.RemoteTestNG.initAndRun(RemoteTestNG.java:251)
at org.testng.remote.RemoteTestNG.main(RemoteTestNG.java:77)
Caused by: org.openqa.selenium.NoSuchElementException: An element could not be located on the page using the given search parameters.
For documentation on this error, please visit: https://www.selenium.dev/documentation/webdriver/troubleshooting/errors#no-such-element-exception
Build info: version: '4.12.1', revision: '8e34639b11'
System info: os.name: 'Windows 10', os.arch: 'amd64', os.version: '10.0', java.version: '17.0.9'
Driver info: io.appium.java_client.android.AndroidDriver
Command: [fc491993-61f9-4fb9-8412-e6eaa90a025f, findElement {using=xpath, value=//android.widget.ImageView[@content-desc='Sell Online']}]
Capabilities {appium:appActivity: com.tataaia.siddhi.MainActi..., appium:appPackage: com.tataaia.siddhi, appium:automationName: Uiautomator2, appium:databaseEnabled: false, appium:desired: {appActivity: com.tataaia.siddhi.MainActi..., appPackage: com.tataaia.siddhi, automationName: Uiautomator2, deviceName: Pixel 3A XL, noReset: false, platformName: ANDROID, platformVersion: 13, udid: emulator-5554}, appium:deviceApiLevel: 33, appium:deviceManufacturer: Google, appium:deviceModel: sdk_gphone_x86_64, appium:deviceName: emulator-5554, appium:deviceScreenDensity: 400, appium:deviceScreenSize: 1080x2160, appium:deviceUDID: emulator-5554, appium:javascriptEnabled: true, appium:locationContextEnabled: false, appium:networkConnectionEnabled: true, appium:noReset: false, appium:pixelRatio: 2.5, appium:platformVersion: 13, appium:statBarHeight: 60, appium:takesScreenshot: true, appium:udid: emulator-5554, appium:viewportRect: {height: 2040, left: 0, top: 60, width: 1080}, appium:warnings: {}, appium:webStorageEnabled: false, platformName: ANDROID}
Session ID: fc491993-61f9-4fb9-8412-e6eaa90a025f
at java.base/jdk.internal.reflect.NativeConstructorAccessorImpl.newInstance0(Native Method)
at java.base/jdk.internal.reflect.NativeConstructorAccessorImpl.newInstance(NativeConstructorAccessorImpl.java:77)
at java.base/jdk.internal.reflect.DelegatingConstructorAccessorImpl.newInstance(DelegatingConstructorAccessorImpl.java:45)
at java.base/java.lang.reflect.Constructor.newInstanceWithCaller(Constructor.java:499)
at java.base/java.lang.reflect.Constructor.newInstance(Constructor.java:480)
at org.openqa.selenium.remote.codec.w3c.W3CHttpResponseCodec.createException(W3CHttpResponseCodec.java:200)
at org.openqa.selenium.remote.codec.w3c.W3CHttpResponseCodec.decode(W3CHttpResponseCodec.java:133)
at org.openqa.selenium.remote.codec.w3c.W3CHttpResponseCodec.decode(W3CHttpResponseCodec.java:52)
at org.openqa.selenium.remote.HttpCommandExecutor.execute(HttpCommandExecutor.java:191)
at io.appium.java_client.remote.AppiumCommandExecutor.execute(AppiumCommandExecutor.java:250)
at org.openqa.selenium.remote.RemoteWebDriver.execute(RemoteWebDriver.java:602)
at org.openqa.selenium.remote.ElementLocation$ElementFinder$2.findElement(ElementLocation.java:165)
at org.openqa.selenium.remote.ElementLocation.findElement(ElementLocation.java:59)
at org.openqa.selenium.remote.RemoteWebDriver.findElement(RemoteWebDriver.java:359)
at org.openqa.selenium.remote.RemoteWebDriver.findElement(RemoteWebDriver.java:353)
at org.openqa.selenium.support.pagefactory.DefaultElementLocator.findElement(DefaultElementLocator.java:68)
at org.openqa.selenium.support.pagefactory.internal.LocatingElementHandler.invoke(LocatingElementHandler.java:38)
at jdk.proxy2/jdk.proxy2.$Proxy22.isDisplayed(Unknown Source)
at org.openqa.selenium.support.ui.ExpectedConditions.elementIfVisible(ExpectedConditions.java:304)
at org.openqa.selenium.support.ui.ExpectedConditions.access$000(ExpectedConditions.java:37)
at org.openqa.selenium.support.ui.ExpectedConditions$10.apply(ExpectedConditions.java:290)
at org.openqa.selenium.support.ui.ExpectedConditions$10.apply(ExpectedConditions.java:287)
at org.openqa.selenium.support.ui.ExpectedConditions$23.apply(ExpectedConditions.java:656)
at org.openqa.selenium.support.ui.ExpectedConditions$23.apply(ExpectedConditions.java:652)
at org.openqa.selenium.support.ui.FluentWait.until(FluentWait.java:205)
... 32 more
]]>
    </error>
  </testcase> <!-- tc02_ExternalApps_Verification -->
  <system-out/>
  <testcase classname="com.tests.Siddhi" name="tc01_Login_AgentCodeAndPassword_ValidCredentials" time="59.011"/>
  <system-out/>
  <testcase classname="com.tests.Siddhi" name="tc04_HomeScreen_NavigationToKeySections" time="0.000">
    <skipped/>
  </testcase> <!-- tc04_HomeScreen_NavigationToKeySections -->
  <system-out/>
  <testcase classname="com.tests.Siddhi" name="tc03_MyPerformance_ToggleSwitch_ViewChange" time="0.000">
    <skipped/>
  </testcase> <!-- tc03_MyPerformance_ToggleSwitch_ViewChange -->
  <system-out/>
  <testcase classname="com.tests.Siddhi" name="tc01_Login_AgentCodeAndPassword_ValidCredentials" time="46.875"/>
  <system-out/>
  <testcase classname="com.tests.Siddhi" name="tc08_SelfServiceTab_UpdateAddressWithDocumentUpload">
    <skipped/>
  </testcase> <!-- tc08_SelfServiceTab_UpdateAddressWithDocumentUpload -->
  <system-out/>
  <testcase classname="com.tests.Siddhi" name="tc06_HomeScreen_Favourites_AddNewItems">
    <skipped/>
  </testcase> <!-- tc06_HomeScreen_Favourites_AddNewItems -->
  <system-out/>
  <testcase classname="com.tests.Siddhi" name="tc07_ShareEVisitingCardViaMessages">
    <skipped/>
  </testcase> <!-- tc07_ShareEVisitingCardViaMessages -->
  <system-out/>
  <testcase classname="com.tests.Siddhi" name="tc05_ShareRankingCardViaEmail">
    <skipped/>
  </testcase> <!-- tc05_ShareRankingCardViaEmail -->
  <system-out/>
</testsuite> <!-- com.tests.Siddhi -->
